Running: C:\Xilinx\14.7\ISE_DS\ISE\bin\nt\unwrapped\fuse.exe -intstyle ise -incremental -lib secureip -o C:/Users/Intel Core i3/Desktop/UNI/5 SEMESTRE/SISTEMAS DIGITALES/CPU32BITS/tb_imem_isim_beh.exe -prj C:/Users/Intel Core i3/Desktop/UNI/5 SEMESTRE/SISTEMAS DIGITALES/CPU32BITS/tb_imem_beh.prj work.tb_imem 
ISim P.20131013 (signature 0x8ef4fb42)
Number of CPUs detected in this system: 4
Turning on mult-threading, number of parallel sub-compilation jobs: 8 
Determining compilation order of HDL files
Parsing VHDL file "C:/Users/Intel Core i3/Desktop/UNI/5 SEMESTRE/SISTEMAS DIGITALES/CPU32BITS/imem.vhd" into library work
Parsing VHDL file "C:/Users/Intel Core i3/Desktop/UNI/5 SEMESTRE/SISTEMAS DIGITALES/CPU32BITS/tb_imem.vhd" into library work
Starting static elaboration
Completed static elaboration
Fuse Memory Usage: 96896 KB
Fuse CPU Usage: 296 ms
Compiling package standard
Compiling package std_logic_1164
Compiling package std_logic_arith
Compiling package std_logic_unsigned
Compiling package textio
Compiling architecture behavioral of entity imem [\imem("data.txt")(1,8)\]
Compiling architecture behavior of entity tb_imem
Time Resolution for simulation is 1ps.
Waiting for 1 sub-compilation(s) to finish...
Compiled 8 VHDL Units
Built simulation executable C:/Users/Intel Core i3/Desktop/UNI/5 SEMESTRE/SISTEMAS DIGITALES/CPU32BITS/tb_imem_isim_beh.exe
Fuse Memory Usage: 119120 KB
Fuse CPU Usage: 483 ms
